# JRE version: OpenJDK Runtime Environment (8.0_362-b09) (build 1.8.0_362-8u372-ga~us1-0ubuntu1~18.04-b09)
# Java VM: OpenJDK 64-Bit Server VM (25.362-b09 mixed mode linux-amd64 compressed oops)
Heap:
 PSYoungGen      total 254464K, used 32756K [0x00000000e6d00000, 0x00000000f9e80000, 0x0000000100000000)
  eden space 221696K, 0% used [0x00000000e6d00000,0x00000000e6d00000,0x00000000f4580000)
  from space 32768K, 99% used [0x00000000f4580000,0x00000000f657d340,0x00000000f6580000)
  to   space 18944K, 0% used [0x00000000f6580000,0x00000000f6580000,0x00000000f7800000)
 ParOldGen       total 126464K, used 72969K [0x00000000b4600000, 0x00000000bc180000, 0x00000000e6d00000)
  object space 126464K, 57% used [0x00000000b4600000,0x00000000b8d425b0,0x00000000bc180000)
 Metaspace       used 24436K, capacity 25076K, committed 25392K, reserved 1071104K
  class space    used 2876K, capacity 3067K, committed 3120K, reserved 1048576K
GC Heap History (10 events):
Event: 3.831 GC heap after
Heap after GC invocations=6 (full 0):
 PSYoungGen      total 166400K, used 7442K [0x00000000e6d00000, 0x00000000f1a00000, 0x0000000100000000)
  eden space 155648K, 0% used [0x00000000e6d00000,0x00000000e6d00000,0x00000000f0500000)
  from space 10752K, 69% used [0x00000000f0f80000,0x00000000f16c4848,0x00000000f1a00000)
  to   space 10752K, 0% used [0x00000000f0500000,0x00000000f0500000,0x00000000f0f80000)
 ParOldGen       total 52224K, used 16068K [0x00000000b4600000, 0x00000000b7900000, 0x00000000e6d00000)
  object space 52224K, 30% used [0x00000000b4600000,0x00000000b55b13a8,0x00000000b7900000)
 Metaspace       used 20784K, capacity 21262K, committed 21296K, reserved 1069056K
  class space    used 2463K, capacity 2591K, committed 2608K, reserved 1048576K
}
Event: 3.831 GC heap before
{Heap before GC invocations=7 (full 1):
 PSYoungGen      total 166400K, used 7442K [0x00000000e6d00000, 0x00000000f1a00000, 0x0000000100000000)
  eden space 155648K, 0% used [0x00000000e6d00000,0x00000000e6d00000,0x00000000f0500000)
  from space 10752K, 69% used [0x00000000f0f80000,0x00000000f16c4848,0x00000000f1a00000)
  to   space 10752K, 0% used [0x00000000f0500000,0x00000000f0500000,0x00000000f0f80000)
 ParOldGen       total 52224K, used 16068K [0x00000000b4600000, 0x00000000b7900000, 0x00000000e6d00000)
  object space 52224K, 30% used [0x00000000b4600000,0x00000000b55b13a8,0x00000000b7900000)
 Metaspace       used 20784K, capacity 21262K, committed 21296K, reserved 1069056K
  class space    used 2463K, capacity 2591K, committed 2608K, reserved 1048576K
Event: 3.890 GC heap after
Heap after GC invocations=7 (full 1):
 PSYoungGen      total 166400K, used 0K [0x00000000e6d00000, 0x00000000f1a00000, 0x0000000100000000)
  eden space 155648K, 0% used [0x00000000e6d00000,0x00000000e6d00000,0x00000000f0500000)
  from space 10752K, 0% used [0x00000000f0f80000,0x00000000f0f80000,0x00000000f1a00000)
  to   space 10752K, 0% used [0x00000000f0500000,0x00000000f0500000,0x00000000f0f80000)
 ParOldGen       total 56832K, used 19818K [0x00000000b4600000, 0x00000000b7d80000, 0x00000000e6d00000)
  object space 56832K, 34% used [0x00000000b4600000,0x00000000b595a878,0x00000000b7d80000)
 Metaspace       used 20784K, capacity 21262K, committed 21296K, reserved 1069056K
  class space    used 2463K, capacity 2591K, committed 2608K, reserved 1048576K
}
Event: 5.382 GC heap before
{Heap before GC invocations=8 (full 1):
 PSYoungGen      total 166400K, used 155648K [0x00000000e6d00000, 0x00000000f1a00000, 0x0000000100000000)
  eden space 155648K, 100% used [0x00000000e6d00000,0x00000000f0500000,0x00000000f0500000)
  from space 10752K, 0% used [0x00000000f0f80000,0x00000000f0f80000,0x00000000f1a00000)
  to   space 10752K, 0% used [0x00000000f0500000,0x00000000f0500000,0x00000000f0f80000)
 ParOldGen       total 56832K, used 19818K [0x00000000b4600000, 0x00000000b7d80000, 0x00000000e6d00000)
  object space 56832K, 34% used [0x00000000b4600000,0x00000000b595a878,0x00000000b7d80000)
 Metaspace       used 24429K, capacity 25076K, committed 25392K, reserved 1071104K
  class space    used 2876K, capacity 3067K, committed 3120K, reserved 1048576K
Event: 5.405 GC heap after
Heap after GC invocations=8 (full 1):
 PSYoungGen      total 166400K, used 10732K [0x00000000e6d00000, 0x00000000f7800000, 0x0000000100000000)
  eden space 155648K, 0% used [0x00000000e6d00000,0x00000000e6d00000,0x00000000f0500000)
  from space 10752K, 99% used [0x00000000f0500000,0x00000000f0f7b3c0,0x00000000f0f80000)
  to   space 18944K, 0% used [0x00000000f6580000,0x00000000f6580000,0x00000000f7800000)
 ParOldGen       total 56832K, used 33570K [0x00000000b4600000, 0x00000000b7d80000, 0x00000000e6d00000)
  object space 56832K, 59% used [0x00000000b4600000,0x00000000b66c89b8,0x00000000b7d80000)
 Metaspace       used 24429K, capacity 25076K, committed 25392K, reserved 1071104K
  class space    used 2876K, capacity 3067K, committed 3120K, reserved 1048576K
}
Event: 6.303 GC heap before
{Heap before GC invocations=9 (full 1):
 PSYoungGen      total 166400K, used 166380K [0x00000000e6d00000, 0x00000000f7800000, 0x0000000100000000)
  eden space 155648K, 100% used [0x00000000e6d00000,0x00000000f0500000,0x00000000f0500000)
  from space 10752K, 99% used [0x00000000f0500000,0x00000000f0f7b3c0,0x00000000f0f80000)
  to   space 18944K, 0% used [0x00000000f6580000,0x00000000f6580000,0x00000000f7800000)
 ParOldGen       total 56832K, used 33570K [0x00000000b4600000, 0x00000000b7d80000, 0x00000000e6d00000)
  object space 56832K, 59% used [0x00000000b4600000,0x00000000b66c89b8,0x00000000b7d80000)
 Metaspace       used 24432K, capacity 25076K, committed 25392K, reserved 1071104K
  class space    used 2876K, capacity 3067K, committed 3120K, reserved 1048576K
Event: 6.339 GC heap after
Heap after GC invocations=9 (full 1):
 PSYoungGen      total 240640K, used 18918K [0x00000000e6d00000, 0x00000000f9e80000, 0x0000000100000000)
  eden space 221696K, 0% used [0x00000000e6d00000,0x00000000e6d00000,0x00000000f4580000)
  from space 18944K, 99% used [0x00000000f6580000,0x00000000f77f9838,0x00000000f7800000)
  to   space 32768K, 0% used [0x00000000f4580000,0x00000000f4580000,0x00000000f6580000)
 ParOldGen       total 57856K, used 57713K [0x00000000b4600000, 0x00000000b7e80000, 0x00000000e6d00000)
  object space 57856K, 99% used [0x00000000b4600000,0x00000000b7e5c790,0x00000000b7e80000)
 Metaspace       used 24432K, capacity 25076K, committed 25392K, reserved 1071104K
  class space    used 2876K, capacity 3067K, committed 3120K, reserved 1048576K
}
Event: 6.340 GC heap before
{Heap before GC invocations=10 (full 2):
 PSYoungGen      total 240640K, used 18918K [0x00000000e6d00000, 0x00000000f9e80000, 0x0000000100000000)
  eden space 221696K, 0% used [0x00000000e6d00000,0x00000000e6d00000,0x00000000f4580000)
  from space 18944K, 99% used [0x00000000f6580000,0x00000000f77f9838,0x00000000f7800000)
  to   space 32768K, 0% used [0x00000000f4580000,0x00000000f4580000,0x00000000f6580000)
 ParOldGen       total 57856K, used 57713K [0x00000000b4600000, 0x00000000b7e80000, 0x00000000e6d00000)
  object space 57856K, 99% used [0x00000000b4600000,0x00000000b7e5c790,0x00000000b7e80000)
 Metaspace       used 24432K, capacity 25076K, committed 25392K, reserved 1071104K
  class space    used 2876K, capacity 3067K, committed 3120K, reserved 1048576K
Event: 6.524 GC heap after
Heap after GC invocations=10 (full 2):
 PSYoungGen      total 240640K, used 902K [0x00000000e6d00000, 0x00000000f9e80000, 0x0000000100000000)
  eden space 221696K, 0% used [0x00000000e6d00000,0x00000000e6d00000,0x00000000f4580000)
  from space 18944K, 4% used [0x00000000f6580000,0x00000000f6661838,0x00000000f7800000)
  to   space 32768K, 0% used [0x00000000f4580000,0x00000000f4580000,0x00000000f6580000)
 ParOldGen       total 126464K, used 57722K [0x00000000b4600000, 0x00000000bc180000, 0x00000000e6d00000)
  object space 126464K, 45% used [0x00000000b4600000,0x00000000b7e5ea80,0x00000000bc180000)
 Metaspace       used 24432K, capacity 25076K, committed 25392K, reserved 1071104K
  class space    used 2876K, capacity 3067K, committed 3120K, reserved 1048576K
}
Event: 14.524 GC heap before
{Heap before GC invocations=11 (full 2):
 PSYoungGen      total 240640K, used 222598K [0x00000000e6d00000, 0x00000000f9e80000, 0x0000000100000000)
  eden space 221696K, 100% used [0x00000000e6d00000,0x00000000f4580000,0x00000000f4580000)
  from space 18944K, 4% used [0x00000000f6580000,0x00000000f6661838,0x00000000f7800000)
  to   space 32768K, 0% used [0x00000000f4580000,0x00000000f4580000,0x00000000f6580000)
 ParOldGen       total 126464K, used 57722K [0x00000000b4600000, 0x00000000bc180000, 0x00000000e6d00000)
  object space 126464K, 45% used [0x00000000b4600000,0x00000000b7e5ea80,0x00000000bc180000)
 Metaspace       used 24436K, capacity 25076K, committed 25392K, reserved 1071104K
  class space    used 2876K, capacity 3067K, committed 3120K, reserved 1048576K

